0 info it worked if it ends with ok
1 verbose cli [ '/Users/dhroovgupta/.nvm/versions/node/v6.17.1/bin/node',
1 verbose cli   '/Users/dhroovgupta/.nvm/versions/node/v6.17.1/bin/npm',
1 verbose cli   'run',
1 verbose cli   'test' ]
2 info using npm@3.10.10
3 info using node@v6.17.1
4 verbose run-script [ 'pretest', 'test', 'posttest' ]
5 info lifecycle curl-to-postmanv2@0.0.4~pretest: curl-to-postmanv2@0.0.4
6 silly lifecycle curl-to-postmanv2@0.0.4~pretest: no script for pretest, continuing
7 info lifecycle curl-to-postmanv2@0.0.4~test: curl-to-postmanv2@0.0.4
8 verbose lifecycle curl-to-postmanv2@0.0.4~test: unsafe-perm in lifecycle true
9 verbose lifecycle curl-to-postmanv2@0.0.4~test: PATH: /Users/dhroovgupta/.nvm/versions/node/v6.17.1/lib/node_modules/npm/bin/node-gyp-bin:/Users/dhroovgupta/Postman/projects/curl-to-postman/node_modules/.bin:/Users/dhroovgupta/.nvm/versions/node/v6.17.1/bin:/usr/local/bin:/usr/bin:/bin:/usr/sbin:/sbin:/Users/dhroovgupta/.nvm/versions/node/v6.17.1/bin
10 verbose lifecycle curl-to-postmanv2@0.0.4~test: CWD: /Users/dhroovgupta/Postman/projects/curl-to-postman
11 silly lifecycle curl-to-postmanv2@0.0.4~test: Args: [ '-c', './scripts/test.sh' ]
12 silly lifecycle curl-to-postmanv2@0.0.4~test: Returned: code: 1  signal: null
13 info lifecycle curl-to-postmanv2@0.0.4~test: Failed to exec test script
14 verbose stack Error: curl-to-postmanv2@0.0.4 test: `./scripts/test.sh`
14 verbose stack Exit status 1
14 verbose stack     at EventEmitter.<anonymous> (/Users/dhroovgupta/.nvm/versions/node/v6.17.1/lib/node_modules/npm/lib/utils/lifecycle.js:255:16)
14 verbose stack     at emitTwo (events.js:106:13)
14 verbose stack     at EventEmitter.emit (events.js:191:7)
14 verbose stack     at ChildProcess.<anonymous> (/Users/dhroovgupta/.nvm/versions/node/v6.17.1/lib/node_modules/npm/lib/utils/spawn.js:40:14)
14 verbose stack     at emitTwo (events.js:106:13)
14 verbose stack     at ChildProcess.emit (events.js:191:7)
14 verbose stack     at maybeClose (internal/child_process.js:920:16)
14 verbose stack     at Process.ChildProcess._handle.onexit (internal/child_process.js:230:5)
15 verbose pkgid curl-to-postmanv2@0.0.4
16 verbose cwd /Users/dhroovgupta/Postman/projects/curl-to-postman
17 error Darwin 18.6.0
18 error argv "/Users/dhroovgupta/.nvm/versions/node/v6.17.1/bin/node" "/Users/dhroovgupta/.nvm/versions/node/v6.17.1/bin/npm" "run" "test"
19 error node v6.17.1
20 error npm  v3.10.10
21 error code ELIFECYCLE
22 error curl-to-postmanv2@0.0.4 test: `./scripts/test.sh`
22 error Exit status 1
23 error Failed at the curl-to-postmanv2@0.0.4 test script './scripts/test.sh'.
23 error Make sure you have the latest version of node.js and npm installed.
23 error If you do, this is most likely a problem with the curl-to-postmanv2 package,
23 error not with npm itself.
23 error Tell the author that this fails on your system:
23 error     ./scripts/test.sh
23 error You can get information on how to open an issue for this project with:
23 error     npm bugs curl-to-postmanv2
23 error Or if that isn't available, you can get their info via:
23 error     npm owner ls curl-to-postmanv2
23 error There is likely additional logging output above.
24 verbose exit [ 1, true ]
